<?xml version="1.0" encoding="UTF-8"?>
<!-- Generated by org.testng.reporters.JUnitReportReporter -->
<testsuite hostname="DESKTOP-48ME6A4" failures="0" tests="3" name="testcases.LoginTest" time="68.693" errors="0" timestamp="30 Apr 2023 03:44:12 GMT" skipped="0">
  <testcase classname="testcases.LoginTest" name="test1" time="24.732"/>
  <testcase classname="testcases.LoginTest" name="test2" time="22.443"/>
  <testcase classname="testcases.LoginTest" name="test4" time="21.518"/>
</testsuite> <!-- testcases.LoginTest -->
