<?xml version="1.0" encoding="UTF-8"?>
<!-- Generated by org.testng.reporters.JUnitReportReporter -->
<testsuite hostname="DESKTOP-48ME6A4" failures="0" tests="1" name="testcases.HomePageTest" time="7.943" errors="0" timestamp="30 Apr 2023 06:31:15 GMT" skipped="0">
  <testcase classname="testcases.HomePageTest" name="test3" time="7.943"/>
</testsuite> <!-- testcases.HomePageTest -->
